#
# There is insufficient memory for the Java Runtime Environment to continue.
# Native memory allocation (mmap) failed to map 62914560 bytes. Error detail: G1 virtual space
# Possible reasons:
#   The system is out of physical RAM or swap space
#   This process is running with CompressedOops enabled, and the Java Heap may be blocking the growth of the native heap
# Possible solutions:
#   Reduce memory load on the system
#   Increase physical memory or swap space
#   Check if swap backing store is full
#   Decrease Java heap size (-Xmx/-Xms)
#   Decrease number of Java threads
#   Decrease Java thread stack sizes (-Xss)
#   Set larger code cache with -XX:ReservedCodeCacheSize=
#   JVM is running with Unscaled Compressed Oops mode in which the Java heap is
#     placed in the first 4GB address space. The Java Heap base address is the
#     maximum limit for the native heap growth. Please use -XX:HeapBaseMinAddress
#     to set the Java Heap base and to place the Java Heap above 4GB virtual address.
# This output file may be truncated or incomplete.
#
#  Out of Memory Error (os_windows.cpp:3828), pid=64280, tid=61380
#
# JRE version:  (21.0.5+8) (build )
# Java VM: OpenJDK 64-Bit Server VM (21.0.5+8-b631.28, mixed mode, sharing, tiered, compressed oops, compressed class ptrs, g1 gc, windows-amd64)
# No core dump will be written. Minidumps are not enabled by default on client versions of Windows
#

---------------  S U M M A R Y ------------

Command Line: git4idea.http.GitAskPassApp Username for 'https://github.com': 

Host: Intel(R) Celeron(R) N4020 CPU @ 1.10GHz, 2 cores, 3G,  Windows 11 , 64 bit Build 22621 (10.0.22621.4391)
Time: Fri Jan 24 23:46:58 2025 Hora Padrão da Bahia elapsed time: 0.261304 seconds (0d 0h 0m 0s)

---------------  T H R E A D  ---------------

Current thread (0x00000281b1ee2000):  JavaThread "Unknown thread" [_thread_in_vm, id=61380, stack(0x000000c7f8500000,0x000000c7f8600000) (1024K)]

Stack: [0x000000c7f8500000,0x000000c7f8600000]
Native frames: (J=compiled Java code, j=interpreted, Vv=VM code, C=native code)
V  [jvm.dll+0x6e52b9]
V  [jvm.dll+0x8c3633]
V  [jvm.dll+0x8c5b8e]
V  [jvm.dll+0x8c6273]
V  [jvm.dll+0x288f46]
V  [jvm.dll+0x6e1a35]
V  [jvm.dll+0x6d5e3a]
V  [jvm.dll+0x3634bb]
V  [jvm.dll+0x36b086]
V  [jvm.dll+0x3bd346]
V  [jvm.dll+0x3bd618]
V  [jvm.dll+0x335c2c]
V  [jvm.dll+0x33691b]
V  [jvm.dll+0x88aa89]
V  [jvm.dll+0x3ca518]
V  [jvm.dll+0x873b98]
V  [jvm.dll+0x45eede]
V  [jvm.dll+0x460bc1]
C  [jli.dll+0x52ab]
C  [ucrtbase.dll+0x29333]
C  [KERNEL32.DLL+0x1259d]
C  [ntdll.dll+0x5af38]


---------------  P R O C E S S  ---------------

Threads class SMR info:
_java_thread_list=0x00007ffd9f73a148, length=0, elements={
}

Java Threads: ( => current thread )
Total: 0

Other Threads:
  0x00000281b41ce430 WorkerThread "GC Thread#0"                     [id=58128, stack(0x000000c7f8600000,0x000000c7f8700000) (1024K)]
  0x00000281b41d6820 ConcurrentGCThread "G1 Main Marker"            [id=59220, stack(0x000000c7f8700000,0x000000c7f8800000) (1024K)]
  0x00000281b41d8690 WorkerThread "G1 Conc#0"                       [id=63296, stack(0x000000c7f8800000,0x000000c7f8900000) (1024K)]

[error occurred during error reporting (printing all threads), id 0xc0000005, EXCEPTION_ACCESS_VIOLATION (0xc0000005) at pc=0x00007ffd9ee28ce7]
VM state: not at safepoint (not fully initialized)

VM Mutex/Monitor currently owned by a thread:  ([mutex/lock_event])
[0x00007ffd9f7aeb30] Heap_lock - owner thread: 0x00000281b1ee2000

Heap address: 0x00000000c5800000, size: 936 MB, Compressed Oops mode: 32-bit

CDS archive(s) mapped at: [0x0000000000000000-0x0000000000000000-0x0000000000000000), size 0, SharedBaseAddress: 0x0000000800000000, ArchiveRelocationMode: 1.
Narrow klass base: 0x0000000000000000, Narrow klass shift: 0, Narrow klass range: 0x0

GC Precious Log:
 CardTable entry size: 512
 Card Set container configuration: InlinePtr #cards 5 size 8 Array Of Cards #cards 12 size 40 Howl #buckets 4 coarsen threshold 1843 Howl Bitmap #cards 512 size 80 coarsen threshold 460 Card regions per heap region 1 cards per card region 2048

Heap:
 garbage-first heap   total 0K, used 0K [0x00000000c5800000, 0x0000000100000000)
  region size 1024K, 0 young (0K), 0 survivors (0K)
 Metaspace       used 0K, committed 0K, reserved 0K
  class space    used 0K, committed 0K, reserved 0K

Heap Regions: E=young(eden), S=young(survivor), O=old, HS=humongous(starts), HC=humongous(continues), CS=collection set, F=free, TAMS=top-at-mark-start, PB=parsable bottom

Card table byte_map: [0x00000281b3f40000,0x00000281b4120000] _byte_map_base: 0x00000281b3914000

Marking Bits: (CMBitMap*) 0x00000281b41cea40
 Bits: [0x00000281c7130000, 0x00000281c7fd0000)

GC Heap History (0 events):
No events

Dll operation events (1 events):
Event: 0.225 Loaded shared library C:\Program Files\JetBrains\IntelliJ IDEA Community Edition 2024.3.1\jbr\bin\java.dll

Deoptimization events (0 events):
No events

Classes loaded (0 events):
No events

Classes unloaded (0 events):
No events

Classes redefined (0 events):
No events

Internal exceptions (0 events):
No events

ZGC Phase Switch (0 events):
No events

VM Operations (0 events):
No events

Memory protections (0 events):
No events

Nmethod flushes (0 events):
No events

Events (0 events):
No events


Dynamic libraries:
0x00007ff6f97b0000 - 0x00007ff6f97ba000 	C:\Program Files\JetBrains\IntelliJ IDEA Community Edition 2024.3.1\jbr\bin\java.exe
0x00007ffe11270000 - 0x00007ffe11487000 	C:\WINDOWS\SYSTEM32\ntdll.dll
0x00007ffe0fd20000 - 0x00007ffe0fde4000 	C:\WINDOWS\System32\KERNEL32.DLL
0x00007ffe0e530000 - 0x00007ffe0e8ea000 	C:\WINDOWS\System32\KERNELBASE.dll
0x00007ffe0e970000 - 0x00007ffe0ea81000 	C:\WINDOWS\System32\ucrtbase.dll
0x00007ffde8f60000 - 0x00007ffde8f78000 	C:\Program Files\JetBrains\IntelliJ IDEA Community Edition 2024.3.1\jbr\bin\jli.dll
0x00007ffe0f580000 - 0x00007ffe0f72e000 	C:\WINDOWS\System32\USER32.dll
0x00007ffe0ea90000 - 0x00007ffe0eab6000 	C:\WINDOWS\System32\win32u.dll
0x00007ffe10aa0000 - 0x00007ffe10ac9000 	C:\WINDOWS\System32\GDI32.dll
0x00007ffe0ecb0000 - 0x00007ffe0edcb000 	C:\WINDOWS\System32\gdi32full.dll
0x00007ffe0edd0000 - 0x00007ffe0ee6a000 	C:\WINDOWS\System32\msvcp_win.dll
0x00007ffdf5250000 - 0x00007ffdf54e2000 	C:\WINDOWS\WinSxS\amd64_microsoft.windows.common-controls_6595b64144ccf1df_6.0.22621.4541_none_2710d1c57384c085\COMCTL32.dll
0x00007ffe0f470000 - 0x00007ffe0f517000 	C:\WINDOWS\System32\msvcrt.dll
0x00007ffe09f20000 - 0x00007ffe09f3b000 	C:\Program Files\JetBrains\IntelliJ IDEA Community Edition 2024.3.1\jbr\bin\VCRUNTIME140.dll
0x00007ffe0f520000 - 0x00007ffe0f551000 	C:\WINDOWS\System32\IMM32.DLL
0x00007ffe09f10000 - 0x00007ffe09f1c000 	C:\Program Files\JetBrains\IntelliJ IDEA Community Edition 2024.3.1\jbr\bin\vcruntime140_1.dll
0x00007ffdc7790000 - 0x00007ffdc781d000 	C:\Program Files\JetBrains\IntelliJ IDEA Community Edition 2024.3.1\jbr\bin\msvcp140.dll
0x00007ffd9eae0000 - 0x00007ffd9f8a1000 	C:\Program Files\JetBrains\IntelliJ IDEA Community Edition 2024.3.1\jbr\bin\server\jvm.dll
0x00007ffe10c40000 - 0x00007ffe10cf2000 	C:\WINDOWS\System32\ADVAPI32.dll
0x00007ffe10d00000 - 0x00007ffe10da7000 	C:\WINDOWS\System32\sechost.dll
0x00007ffe0ee70000 - 0x00007ffe0ee98000 	C:\WINDOWS\System32\bcrypt.dll
0x00007ffe10980000 - 0x00007ffe10a94000 	C:\WINDOWS\System32\RPCRT4.dll
0x00007ffe10ad0000 - 0x00007ffe10b41000 	C:\WINDOWS\System32\WS2_32.dll
0x00007ffe0e250000 - 0x00007ffe0e29d000 	C:\WINDOWS\SYSTEM32\POWRPROF.dll
0x00007ffe07030000 - 0x00007ffe07064000 	C:\WINDOWS\SYSTEM32\WINMM.dll
0x00007ffdfe3e0000 - 0x00007ffdfe3ea000 	C:\WINDOWS\SYSTEM32\VERSION.dll
0x00007ffe0e230000 - 0x00007ffe0e243000 	C:\WINDOWS\SYSTEM32\UMPDC.dll
0x00007ffe0d530000 - 0x00007ffe0d548000 	C:\WINDOWS\SYSTEM32\kernel.appcore.dll
0x00007ffe09f00000 - 0x00007ffe09f0a000 	C:\Program Files\JetBrains\IntelliJ IDEA Community Edition 2024.3.1\jbr\bin\jimage.dll
0x00007ffe0bfb0000 - 0x00007ffe0c1e2000 	C:\WINDOWS\SYSTEM32\DBGHELP.DLL
0x00007ffe0f0d0000 - 0x00007ffe0f461000 	C:\WINDOWS\System32\combase.dll
0x00007ffe106e0000 - 0x00007ffe107b7000 	C:\WINDOWS\System32\OLEAUT32.dll
0x00007ffdf3b90000 - 0x00007ffdf3bc2000 	C:\WINDOWS\SYSTEM32\dbgcore.DLL
0x00007ffe0eac0000 - 0x00007ffe0eb3b000 	C:\WINDOWS\System32\bcryptPrimitives.dll
0x00007ffe09ee0000 - 0x00007ffe09f00000 	C:\Program Files\JetBrains\IntelliJ IDEA Community Edition 2024.3.1\jbr\bin\java.dll

dbghelp: loaded successfully - version: 4.0.5 - missing functions: none
symbol engine: initialized successfully - sym options: 0x614 - pdb path: .;C:\Program Files\JetBrains\IntelliJ IDEA Community Edition 2024.3.1\jbr\bin;C:\WINDOWS\SYSTEM32;C:\WINDOWS\WinSxS\amd64_microsoft.windows.common-controls_6595b64144ccf1df_6.0.22621.4541_none_2710d1c57384c085;C:\Program Files\JetBrains\IntelliJ IDEA Community Edition 2024.3.1\jbr\bin\server

VM Arguments:
java_command: git4idea.http.GitAskPassApp Username for 'https://github.com': 
java_class_path (initial): C:/Program Files/JetBrains/IntelliJ IDEA Community Edition 2024.3.1/plugins/vcs-git/lib/git4idea-rt.jar;C:/Program Files/JetBrains/IntelliJ IDEA Community Edition 2024.3.1/lib/externalProcess-rt.jar
Launcher Type: SUN_STANDARD

[Global flags]
     intx CICompilerCount                          = 2                                         {product} {ergonomic}
     uint ConcGCThreads                            = 1                                         {product} {ergonomic}
     uint G1ConcRefinementThreads                  = 2                                         {product} {ergonomic}
   size_t G1HeapRegionSize                         = 1048576                                   {product} {ergonomic}
    uintx GCDrainStackTargetSize                   = 64                                        {product} {ergonomic}
   size_t InitialHeapSize                          = 62914560                                  {product} {ergonomic}
   size_t MarkStackSize                            = 4194304                                   {product} {ergonomic}
   size_t MaxHeapSize                              = 981467136                                 {product} {ergonomic}
   size_t MinHeapDeltaBytes                        = 1048576                                   {product} {ergonomic}
   size_t MinHeapSize                              = 8388608                                   {product} {ergonomic}
    uintx NonNMethodCodeHeapSize                   = 5826188                                {pd product} {ergonomic}
    uintx NonProfiledCodeHeapSize                  = 122916026                              {pd product} {ergonomic}
    uintx ProfiledCodeHeapSize                     = 122916026                              {pd product} {ergonomic}
    uintx ReservedCodeCacheSize                    = 251658240                              {pd product} {ergonomic}
     bool SegmentedCodeCache                       = true                                      {product} {ergonomic}
   size_t SoftMaxHeapSize                          = 981467136                              {manageable} {ergonomic}
     bool UseCompressedOops                        = true                           {product lp64_product} {ergonomic}
     bool UseG1GC                                  = true                                      {product} {ergonomic}
     bool UseLargePagesIndividualAllocation        = false                                  {pd product} {ergonomic}

Logging:
Log output configuration:
 #0: stdout all=warning uptime,level,tags foldmultilines=false
 #1: stderr all=off uptime,level,tags foldmultilines=false

Environment Variables:
JAVA_HOME=C:\Users\joaoo\Downloads\jdk-17.0.12_windows-x64_bin.exe
PATH=C:\Program Files\Git\mingw64\libexec\git-core;C:\Program Files\Git\mingw64\libexec\git-core;C:\Program Files\Git\mingw64\bin;C:\Program Files\Git\usr\bin;C:\Users\joaoo\bin;C:\;C:\WINDOWS;C:\WINDOWS\System32\Wbem;C:\PowerShell-7.4.6-win-x64;C:\WINDOWS\System32\OpenSSH;C:\Program Files\Docker\Docker\resources\bin;C:\Program Files\Git\cmd;C:\PowerShell-7.4.6-win-x64;C:\Program Files\MySQL\MySQL Server 8.0\bin;C:\mysql-installer-community-8.0.40.0.msi;C:\Program Files\MySQL\MySQL Shell 8.0\bin;C:\Users\joaoo\AppData\Local\Microsoft\WindowsApps;C:\Users\joaoo\AppData\Local\Programs\Microsoft VS Code\bin;C:\apache-maven-3.9.9\bin;C:\PowerShell-7.4.6-win-x64;C:\mysql-installer-community-8.0.40.0.msi
USERNAME=joaoo
DISPLAY=:0.0
LC_ALL=en_US.UTF-8
TERM=xterm-256color
TMPDIR=C:\Users\joaoo\AppData\Local\Temp
OS=Windows_NT
PROCESSOR_IDENTIFIER=Intel64 Family 6 Model 122 Stepping 8, GenuineIntel
TMP=C:\Users\joaoo\AppData\Local\Temp
TEMP=C:\Users\joaoo\AppData\Local\Temp




Periodic native trim disabled

JNI global refs:
JNI global refs: 0, weak refs: 0

JNI global refs memory usage: 0, weak refs: 0

Process memory usage:
Resident Set Size: 10852K (0% of 3827596K total physical memory with 280996K free physical memory)

OOME stack traces (most recent first):
Classloader memory used:

---------------  S Y S T E M  ---------------

OS:
 Windows 11 , 64 bit Build 22621 (10.0.22621.4391)
OS uptime: 3 days 21:54 hours
Hyper-V role detected

CPU: total 2 (initial active 2) (2 cores per cpu, 1 threads per core) family 6 model 122 stepping 8 microcode 0x1a, cx8, cmov, fxsr, mmx, 3dnowpref, sse, sse2, sse3, ssse3, sse4.1, sse4.2, popcnt, tsc, tscinvbit, aes, erms, clmul, sha, clflush, clflushopt, hv, rdtscp, rdpid
Processor Information for all 2 processors :
  Max Mhz: 1101, Current Mhz: 1101, Mhz Limit: 1101

Memory: 4k page, system-wide physical 3737M (274M free)
TotalPageFile size 15001M (AvailPageFile size 40M)
current process WorkingSet (physical memory assigned to process): 10M, peak: 10M
current process commit charge ("private bytes"): 47M, peak: 107M

vm_info: OpenJDK 64-Bit Server VM (21.0.5+8-b631.28) for windows-amd64 JRE (21.0.5+8-b631.28), built on 2024-11-23 by "builduser" with MS VC++ 16.10 / 16.11 (VS2019)

END.
